308
296
518
18
0
607
136
639
317
0
372
844
0
283
319
75
0
693
0
144
0
807
952
69
0
43
205
0
132
0
35
0
679
0
0
805
0
953
408
395
638
208
194
908
467
780
306
43
7
766
714
0
549
101
742
0
0
360
557
240
317
323
594
320
459
447
51
144
756
162
541
142
610
324
0
179
0
0
563
383
756
408
0
337
207
406
328
287
0
0
594
474
557
0
52
996
174
373
161
956
589
288
383
802
204
0
268
762
623
848
606
420
249
458
0
301
921
0
462
93
43
337
142
384
198
411
0
0
341
578
889
441
0
728
0
356
0
867
660
108
778
945
0
0
100
583
881
0
0
488
462
239
0
278
733
570
207
420
0
548
691
554
23
0
0
589
649
464
0
179
506
743
455
327
469
151
272
819
0
313
239
696
0
0
145
0
978
122
504
528
142
0
765
494
972
0
325
745
840
477
940
0
453
236
318
252
0
446
142
559
10
0
189
0
155
440
182
892
0
999
367
391
232
500
877
0
238
709
6
738
0
169
790
0
400
0
375
0
895
395
697
0
162
0
824
895
192
0
361
89
102
650
653
801
488
0
199
0
228
526
534
648
0
195
82
0
264
179
60
26
51
384
0
998
623
930
455
344
0
212
0
644
470
35
184
978
0
0
506
979
0
438
994
33
0
0
45
799
315
777
294
0
0
0
981
58
221
492
465
0
369
947
100
240
483
0
799
96
375
188
74
265
0
0
303
559
356
0
108
399
142
606
128
264
728
0
25
594
24
254
33
501
450
0
402
418
570
565
599
0
703
422
701
871
0
0
51
220
0
328
644
307
211
299
0
0
0
256
913
139
273
0
409
115
238
254
170
174
399
0
0
47
656
852
893
717
441
0
258
0
942
302
52
325
849
0
0
461
64
974
761
299
215
0
491
380
992
420
0
747
38
924
642
142
103
17
456
0
0
0
744
0
165
0
70
25
996
693
0
884
0
0
148
199
738
523
0
278
0
562
736
462
133
3
0
498
0
582
973
530
727
325
152
691
723
186
853
504
35
400
930
225
0
738
258
25
0
59
763
102
108
647
0
574
875
255
506
548
886
44
734
569
898
376
762
69
498
0
177
0
138
42
0
0
0
558
994
342
0
0
384
307
0
0
895
977
0
387
26
0
623
579
196
252
467
864
384
85
0
0
458
60
773
0
930
379
840
0
822
45
415
215
677
33
570
908
712
937
627
4
221
0
12
0
0
214
928
528
368
415
0
0
426
0
23
223
0
2
480
176
0
479
518
507
386
913
763
465
942
0
984
206
0
0
570
139
884
664
0
133
497
773
138
270
879
916
74
420
793
577
60
0
0
915
271
0
19
0
35
632
0
755
0
304
154
110
0
0
211
734
0
79
879
0
205
696
258
853
657
426
778
388
119
523
241
154
0
300
462
0
174
597
629
82
223
237
138
0
0
189
860
0
828
0
0
697
679
0
229
904
147
342
793
0
0
0
515
365
747
0
453
0
215
712
271
397
61
31
83
782
342
368
919
770
0
59
937
0
0
697
121
35
510
666
0
383
868
0
0
496
453
0
0
239
482
146
234
504
282
952
583
0
0
889
989
0
73
616
569
0
957
0
0
299
0
171
260
299
273
870
431
565
150
633
627
266
160
70
215
0
0
905
453
0
707
778
0
433
101
634
0
335
941
0
40
921
282
0
498
312
96
0
0
0
384
0
280
0
50
632
260
0
139
0
299
108
0
505
0
760
0
587
436
525
99
644
325
0
648
377
787
12
115
642
299
711
371
0
878
0
745
26
294
0
0
0
29
390
0
818
287
356
921
310
653
859
241
0
888
745
278
0
570
0
561
424
519
667
570
903
448
638
344
0
430
715
0
0
145
757
75
638
221
73
0
873
0
0
0
383
0
118
48
0
0
71
314
0
451
196
532
0
631
149
0
29
88
658
174
0
523
907
0
110
420
121
667
286
230
101
498
644
35
141
204
569
0
0
591
752
0
502
35
539
96
605
493
0
135
522
948
0
549
362
337
0
0
130
604
0
721
728
14
199
675
210
337
857
864
133
407
66
0
613
632
963
191
487
644
946
24
552
0
613
549
0
781
0
285
147
947
204
641
778
35
587
55
752
0
0
0
195
0
562
0
0
17
0
0
273
0
0
758
345
79
326
0
959
616
306
361
0
172
0
815
0
288
828
237
978
761
412
954
206
990
491
388
383
963
68
692
659
732
651
908
508
166
418
83
589
0
251
656
87
569
180
36
0
0
498
